<?xml version="1.0" encoding="UTF-8"?>
<testsuite xmlns:xsi="http://www.w3.org/2001/XMLSchema-instance" xsi:noNamespaceSchemaLocation="https://maven.apache.org/surefire/maven-surefire-plugin/xsd/surefire-test-report-3.0.xsd" version="3.0" name="com.Banking_Somnath.banking_systemn.BankingSystemnApplicationTests" time="6.824" tests="1" errors="0" skipped="0" failures="0">
  <properties>
[...]
</properties>
  <testcase name="contextLoads" classname="com.Banking_Somnath.banking_systemn.BankingSystemnApplicationTests" time="0.508">
    <system-out><![CDATA[12:48:21.011 [main] INFO org.springframework.test.context.support.AnnotationConfigContextLoaderUtils -- Could not detect default configuration classes for test class [com.Banking_Somnath.banking_systemn.BankingSystemnApplicationTests]: BankingSystemnApplicationTests does not declare any static, non-private, non-final, nested classes annotated with @Configuration.
12:48:21.125 [main] INFO org.springframework.boot.test.context.SpringBootTestContextBootstrapper -- Found @SpringBootConfiguration com.Banking_Somnath.banking_systemn.BankingSystemnApplication for test class com.Banking_Somnath.banking_systemn.BankingSystemnApplicationTests
12:48:21.300 [main] INFO org.springframework.boot.devtools.restart.RestartApplicationListener -- Restart disabled due to context in which it is running

  .   ____          _            __ _ _
 /\\ / ___'_ __ _ _(_)_ __  __ _ \ \ \ \
( ( )\___ | '_ | '_| | '_ \/ _` | \ \ \ \
 \\/  ___)| |_)| | | | | || (_| |  ) ) ) )
  '  |____| .__|_| |_|_| |_\__, | / / / /
 =========|_|==============|___/=/_/_/_/
 :: Spring Boot ::                (v3.2.5)

2025-05-05T12:48:21.623+05:30  INFO 7308 --- [           main] c.B.b.BankingSystemnApplicationTests     : Starting BankingSystemnApplicationTests using Java 23.0.2 with PID 7308 (started by Somnath in C:\Users\somna\Documents\Java_Backend\Banking\banking_systemn)
2025-05-05T12:48:21.625+05:30  INFO 7308 --- [           main] c.B.b.BankingSystemnApplicationTests     : No active profile set, falling back to 1 default profile: "default"
2025-05-05T12:48:22.485+05:30  INFO 7308 --- [           main] .s.d.r.c.RepositoryConfigurationDelegate : Bootstrapping Spring Data JPA repositories in DEFAULT mode.
2025-05-05T12:48:22.557+05:30  INFO 7308 --- [           main] .s.d.r.c.RepositoryConfigurationDelegate : Finished Spring Data repository scanning in 62 ms. Found 2 JPA repository interfaces.
2025-05-05T12:48:23.177+05:30  INFO 7308 --- [           main] o.hibernate.jpa.internal.util.LogHelper  : HHH000204: Processing PersistenceUnitInfo [name: default]
2025-05-05T12:48:23.256+05:30  INFO 7308 --- [           main] org.hibernate.Version                    : HHH000412: Hibernate ORM core version 6.4.4.Final
2025-05-05T12:48:23.304+05:30  INFO 7308 --- [           main] o.h.c.internal.RegionFactoryInitiator    : HHH000026: Second-level cache disabled
2025-05-05T12:48:23.616+05:30  INFO 7308 --- [           main] o.s.o.j.p.SpringPersistenceUnitInfo      : No LoadTimeWeaver setup: ignoring JPA class transformer
2025-05-05T12:48:23.648+05:30  INFO 7308 --- [           main] com.zaxxer.hikari.HikariDataSource       : HikariPool-1 - Starting...
2025-05-05T12:48:24.106+05:30  INFO 7308 --- [           main] com.zaxxer.hikari.pool.HikariPool        : HikariPool-1 - Added connection com.mysql.cj.jdbc.ConnectionImpl@3d798e76
2025-05-05T12:48:24.107+05:30  INFO 7308 --- [           main] com.zaxxer.hikari.HikariDataSource       : HikariPool-1 - Start completed.
2025-05-05T12:48:25.070+05:30  INFO 7308 --- [           main] o.h.e.t.j.p.i.JtaPlatformInitiator       : HHH000489: No JTA platform available (set 'hibernate.transaction.jta.platform' to enable JTA platform integration)
2025-05-05T12:48:25.140+05:30  INFO 7308 --- [           main] j.LocalContainerEntityManagerFactoryBean : Initialized JPA EntityManagerFactory for persistence unit 'default'
2025-05-05T12:48:25.816+05:30  WARN 7308 --- [           main] JpaBaseConfiguration$JpaWebConfiguration : spring.jpa.open-in-view is enabled by default. Therefore, database queries may be performed during view rendering. Explicitly configure spring.jpa.open-in-view to disable this warning
2025-05-05T12:48:26.536+05:30  INFO 7308 --- [           main] o.s.s.web.DefaultSecurityFilterChain     : Will secure any request with [org.springframework.security.web.session.DisableEncodeUrlFilter@1e65c4d, org.springframework.security.web.context.request.async.WebAsyncManagerIntegrationFilter@6b888692, org.springframework.security.web.context.SecurityContextHolderFilter@44846c76, org.springframework.security.web.header.HeaderWriterFilter@5b11d0d8, org.springframework.web.filter.CorsFilter@6414eb98, org.springframework.security.web.authentication.logout.LogoutFilter@160d68b8, org.springframework.security.web.savedrequest.RequestCacheAwareFilter@511ad0dd, org.springframework.security.web.servletapi.SecurityContextHolderAwareRequestFilter@634d56eb, org.springframework.security.web.authentication.AnonymousAuthenticationFilter@61a17f3, org.springframework.security.web.access.ExceptionTranslationFilter@6e0dec27, org.springframework.security.web.access.intercept.AuthorizationFilter@6731b6bd]
2025-05-05T12:48:26.943+05:30  INFO 7308 --- [           main] c.B.b.BankingSystemnApplicationTests     : Started BankingSystemnApplicationTests in 5.657 seconds (process running for 6.778)
Hibernate: select c1_0.mobile_number,c1_0.account_number,c1_0.address,c1_0.balance,c1_0.branch_code,c1_0.customer_id,c1_0.dob,c1_0.email,c1_0.fathername,c1_0.fname,c1_0.ifs_code,c1_0.is_admin,c1_0.is_approved,c1_0.lname,c1_0.password,c1_0.pincode from customer c1_0 where c1_0.email=?
Admin user 'admin@example.com' already exists. Skipping initialization.
]]></system-out>
    <system-err><![CDATA[WARNING: A Java agent has been loaded dynamically (C:\Users\somna\.m2\repository\net\bytebuddy\byte-buddy-agent\1.14.13\byte-buddy-agent-1.14.13.jar)
WARNING: If a serviceability tool is in use, please run with -XX:+EnableDynamicAgentLoading to hide this warning
WARNING: If a serviceability tool is not in use, please run with -Djdk.instrument.traceUsage for more information
WARNING: Dynamic loading of agents will be disallowed by default in a future release
]]></system-err>
  </testcase>
</testsuite>